android/app/build/intermediates/manifest_merge_blame_file/debug/processDebugMainManifest/manifest-merger-blame-debug-report.txt
1<?xml version="1.0" encoding="utf-8"?>
2<manifest xmlns:android="http://schemas.android.com/apk/res/android"
3    package="com.authplatform.app"
4    android:versionCode="1"
5    android:versionName="1.0.0" >
6
7    <uses-sdk
8        android:minSdkVersion="26"
9        android:targetSdkVersion="35" />
10
11    <uses-permission android:name="android.permission.INTERNET" />
11-->src/main/AndroidManifest.xml:5:5-67
11-->src/main/AndroidManifest.xml:5:22-64
12    <uses-permission android:name="android.permission.CAMERA" />
12-->src/main/AndroidManifest.xml:6:5-65
12-->src/main/AndroidManifest.xml:6:22-62
13
14    <uses-feature
14-->src/main/AndroidManifest.xml:8:5-10:36
15        android:name="android.hardware.camera"
15-->src/main/AndroidManifest.xml:9:9-47
16        android:required="false" />
16-->src/main/AndroidManifest.xml:10:9-33
17
18    <uses-permission android:name="android.permission.ACCESS_NETWORK_STATE" />
18-->[com.google.firebase:firebase-auth:23.1.0] AndroidManifest.xml:26:5-79
18-->[com.google.firebase:firebase-auth:23.1.0] AndroidManifest.xml:26:22-76
19    <uses-permission android:name="com.google.android.providers.gsf.permission.READ_GSERVICES" />
19-->[com.google.android.recaptcha:recaptcha:18.5.1] AndroidManifest.xml:9:5-98
19-->[com.google.android.recaptcha:recaptcha:18.5.1] AndroidManifest.xml:9:22-95
20
21    <permission
21-->[androidx.core:core:1.15.0] AndroidManifest.xml:22:5-24:47
22        android:name="com.authplatform.app.DYNAMIC_RECEIVER_NOT_EXPORTED_PERMISSION"
22-->[androidx.core:core:1.15.0] AndroidManifest.xml:23:9-81
23        android:protectionLevel="signature" />
23-->[androidx.core:core:1.15.0] AndroidManifest.xml:24:9-44
24
25    <uses-permission android:name="com.authplatform.app.DYNAMIC_RECEIVER_NOT_EXPORTED_PERMISSION" />
25-->[androidx.core:core:1.15.0] AndroidManifest.xml:26:5-97
25-->[androidx.core:core:1.15.0] AndroidManifest.xml:26:22-94
26
27    <application
27-->src/main/AndroidManifest.xml:12:5-31:19
28        android:name="com.authplatform.app.AuthApp"
28-->src/main/AndroidManifest.xml:13:9-32
29        android:allowBackup="true"
29-->src/main/AndroidManifest.xml:14:9-35
30        android:appComponentFactory="androidx.core.app.CoreComponentFactory"
30-->[androidx.core:core:1.15.0] AndroidManifest.xml:28:18-86
31        android:debuggable="true"
32        android:extractNativeLibs="false"
33        android:icon="@mipmap/ic_launcher"
33-->src/main/AndroidManifest.xml:15:9-43
34        android:label="@string/app_name"
34-->src/main/AndroidManifest.xml:16:9-41
35        android:roundIcon="@mipmap/ic_launcher_round"
35-->src/main/AndroidManifest.xml:17:9-54
36        android:supportsRtl="true"
36-->src/main/AndroidManifest.xml:18:9-35
37        android:theme="@style/Theme.AuthPlatform"
37-->src/main/AndroidManifest.xml:19:9-50
38        android:usesCleartextTraffic="true" >
38-->src/main/AndroidManifest.xml:20:9-44
39        <activity
39-->src/main/AndroidManifest.xml:22:9-30:20
40            android:name="com.authplatform.app.MainActivity"
40-->src/main/AndroidManifest.xml:23:13-41
41            android:exported="true"
41-->src/main/AndroidManifest.xml:24:13-36
42            android:theme="@style/Theme.AuthPlatform" >
42-->src/main/AndroidManifest.xml:25:13-54
43            <intent-filter>
43-->src/main/AndroidManifest.xml:26:13-29:29
44                <action android:name="android.intent.action.MAIN" />
44-->src/main/AndroidManifest.xml:27:17-69
44-->src/main/AndroidManifest.xml:27:25-66
45
46                <category android:name="android.intent.category.LAUNCHER" />
46-->src/main/AndroidManifest.xml:28:17-77
46-->src/main/AndroidManifest.xml:28:27-74
47            </intent-filter>
48        </activity>
49
50        <service
50-->[com.google.firebase:firebase-auth-ktx:23.1.0] AndroidManifest.xml:8:9-14:19
51            android:name="com.google.firebase.components.ComponentDiscoveryService"
51-->[com.google.firebase:firebase-auth-ktx:23.1.0] AndroidManifest.xml:9:13-84
52            android:directBootAware="true"
52-->[com.google.firebase:firebase-common:21.0.0] AndroidManifest.xml:32:13-43
53            android:exported="false" >
53-->[com.google.firebase:firebase-auth-ktx:23.1.0] AndroidManifest.xml:10:13-37
54            <meta-data
54-->[com.google.firebase:firebase-auth-ktx:23.1.0] AndroidManifest.xml:11:13-13:85
55                android:name="com.google.firebase.components:com.google.firebase.auth.ktx.FirebaseAuthLegacyRegistrar"
55-->[com.google.firebase:firebase-auth-ktx:23.1.0] AndroidManifest.xml:12:17-119
56                android:value="com.google.firebase.components.ComponentRegistrar" />
56-->[com.google.firebase:firebase-auth-ktx:23.1.0] AndroidManifest.xml:13:17-82
57            <meta-data
57-->[com.google.firebase:firebase-auth:23.1.0] AndroidManifest.xml:69:13-71:85
58                android:name="com.google.firebase.components:com.google.firebase.auth.FirebaseAuthRegistrar"
58-->[com.google.firebase:firebase-auth:23.1.0] AndroidManifest.xml:70:17-109
59                android:value="com.google.firebase.components.ComponentRegistrar" />
59-->[com.google.firebase:firebase-auth:23.1.0] AndroidManifest.xml:71:17-82
60            <meta-data
60-->[com.google.firebase:firebase-common-ktx:21.0.0] AndroidManifest.xml:12:13-14:85
61                android:name="com.google.firebase.components:com.google.firebase.ktx.FirebaseCommonLegacyRegistrar"
61-->[com.google.firebase:firebase-common-ktx:21.0.0] AndroidManifest.xml:13:17-116
62                android:value="com.google.firebase.components.ComponentRegistrar" />
62-->[com.google.firebase:firebase-common-ktx:21.0.0] AndroidManifest.xml:14:17-82
63            <meta-data
63-->[com.google.firebase:firebase-common:21.0.0] AndroidManifest.xml:35:13-37:85
64                android:name="com.google.firebase.components:com.google.firebase.FirebaseCommonKtxRegistrar"
64-->[com.google.firebase:firebase-common:21.0.0] AndroidManifest.xml:36:17-109
65                android:value="com.google.firebase.components.ComponentRegistrar" />
65-->[com.google.firebase:firebase-common:21.0.0] AndroidManifest.xml:37:17-82
66        </service>
67
68        <activity
68-->[com.google.firebase:firebase-auth:23.1.0] AndroidManifest.xml:29:9-46:20
69            android:name="com.google.firebase.auth.internal.GenericIdpActivity"
69-->[com.google.firebase:firebase-auth:23.1.0] AndroidManifest.xml:30:13-80
70            android:excludeFromRecents="true"
70-->[com.google.firebase:firebase-auth:23.1.0] AndroidManifest.xml:31:13-46
71            android:exported="true"
71-->[com.google.firebase:firebase-auth:23.1.0] AndroidManifest.xml:32:13-36
72            android:launchMode="singleTask"
72-->[com.google.firebase:firebase-auth:23.1.0] AndroidManifest.xml:33:13-44
73            android:theme="@android:style/Theme.Translucent.NoTitleBar" >
73-->[com.google.firebase:firebase-auth:23.1.0] AndroidManifest.xml:34:13-72
74            <intent-filter>
74-->[com.google.firebase:firebase-auth:23.1.0] AndroidManifest.xml:35:13-45:29
75                <action android:name="android.intent.action.VIEW" />
75-->[com.google.firebase:firebase-auth:23.1.0] AndroidManifest.xml:36:17-69
75-->[com.google.firebase:firebase-auth:23.1.0] AndroidManifest.xml:36:25-66
76
77                <category android:name="android.intent.category.DEFAULT" />
77-->[com.google.firebase:firebase-auth:23.1.0] AndroidManifest.xml:38:17-76
77-->[com.google.firebase:firebase-auth:23.1.0] AndroidManifest.xml:38:27-73
78                <category android:name="android.intent.category.BROWSABLE" />
78-->[com.google.firebase:firebase-auth:23.1.0] AndroidManifest.xml:39:17-78
78-->[com.google.firebase:firebase-auth:23.1.0] AndroidManifest.xml:39:27-75
79
80                <data
80-->[com.google.firebase:firebase-auth:23.1.0] AndroidManifest.xml:41:17-44:51
81                    android:host="firebase.auth"
81-->[com.google.firebase:firebase-auth:23.1.0] AndroidManifest.xml:42:21-49
82                    android:path="/"
82-->[com.google.firebase:firebase-auth:23.1.0] AndroidManifest.xml:43:21-37
83                    android:scheme="genericidp" />
83-->[com.google.firebase:firebase-auth:23.1.0] AndroidManifest.xml:44:21-48
84            </intent-filter>
85        </activity>
86        <activity
86-->[com.google.firebase:firebase-auth:23.1.0] AndroidManifest.xml:47:9-64:20
87            android:name="com.google.firebase.auth.internal.RecaptchaActivity"
87-->[com.google.firebase:firebase-auth:23.1.0] AndroidManifest.xml:48:13-79
88            android:excludeFromRecents="true"
88-->[com.google.firebase:firebase-auth:23.1.0] AndroidManifest.xml:49:13-46
89            android:exported="true"
89-->[com.google.firebase:firebase-auth:23.1.0] AndroidManifest.xml:50:13-36
90            android:launchMode="singleTask"
90-->[com.google.firebase:firebase-auth:23.1.0] AndroidManifest.xml:51:13-44
91            android:theme="@android:style/Theme.Translucent.NoTitleBar" >
91-->[com.google.firebase:firebase-auth:23.1.0] AndroidManifest.xml:52:13-72
92            <intent-filter>
92-->[com.google.firebase:firebase-auth:23.1.0] AndroidManifest.xml:53:13-63:29
93                <action android:name="android.intent.action.VIEW" />
93-->[com.google.firebase:firebase-auth:23.1.0] AndroidManifest.xml:36:17-69
93-->[com.google.firebase:firebase-auth:23.1.0] AndroidManifest.xml:36:25-66
94
95                <category android:name="android.intent.category.DEFAULT" />
95-->[com.google.firebase:firebase-auth:23.1.0] AndroidManifest.xml:38:17-76
95-->[com.google.firebase:firebase-auth:23.1.0] AndroidManifest.xml:38:27-73
96                <category android:name="android.intent.category.BROWSABLE" />
96-->[com.google.firebase:firebase-auth:23.1.0] AndroidManifest.xml:39:17-78
96-->[com.google.firebase:firebase-auth:23.1.0] AndroidManifest.xml:39:27-75
97
98                <data
98-->[com.google.firebase:firebase-auth:23.1.0] AndroidManifest.xml:41:17-44:51
99                    android:host="firebase.auth"
99-->[com.google.firebase:firebase-auth:23.1.0] AndroidManifest.xml:42:21-49
100                    android:path="/"
100-->[com.google.firebase:firebase-auth:23.1.0] AndroidManifest.xml:43:21-37
101                    android:scheme="recaptcha" />
101-->[com.google.firebase:firebase-auth:23.1.0] AndroidManifest.xml:44:21-48
102            </intent-filter>
103        </activity>
104
105        <service
105-->[androidx.camera:camera-camera2:1.4.1] AndroidManifest.xml:24:9-33:19
106            android:name="androidx.camera.core.impl.MetadataHolderService"
106-->[androidx.camera:camera-camera2:1.4.1] AndroidManifest.xml:25:13-75
107            android:enabled="false"
107-->[androidx.camera:camera-camera2:1.4.1] AndroidManifest.xml:26:13-36
108            android:exported="false" >
108-->[androidx.camera:camera-camera2:1.4.1] AndroidManifest.xml:27:13-37
109            <meta-data
109-->[androidx.camera:camera-camera2:1.4.1] AndroidManifest.xml:30:13-32:89
110                android:name="androidx.camera.core.impl.MetadataHolderService.DEFAULT_CONFIG_PROVIDER"
110-->[androidx.camera:camera-camera2:1.4.1] AndroidManifest.xml:31:17-103
111                android:value="androidx.camera.camera2.Camera2Config$DefaultProvider" />
111-->[androidx.camera:camera-camera2:1.4.1] AndroidManifest.xml:32:17-86
112        </service>
113        <service
113-->[com.google.android.gms:play-services-mlkit-barcode-scanning:18.3.1] AndroidManifest.xml:9:9-15:19
114            android:name="com.google.mlkit.common.internal.MlKitComponentDiscoveryService"
114-->[com.google.android.gms:play-services-mlkit-barcode-scanning:18.3.1] AndroidManifest.xml:10:13-91
115            android:directBootAware="true"
115-->[com.google.mlkit:common:18.11.0] AndroidManifest.xml:17:13-43
116            android:exported="false" >
116-->[com.google.android.gms:play-services-mlkit-barcode-scanning:18.3.1] AndroidManifest.xml:11:13-37
117            <meta-data
117-->[com.google.android.gms:play-services-mlkit-barcode-scanning:18.3.1] AndroidManifest.xml:12:13-14:85
118                android:name="com.google.firebase.components:com.google.mlkit.vision.barcode.internal.BarcodeRegistrar"
118-->[com.google.android.gms:play-services-mlkit-barcode-scanning:18.3.1] AndroidManifest.xml:13:17-120
119                android:value="com.google.firebase.components.ComponentRegistrar" />
119-->[com.google.android.gms:play-services-mlkit-barcode-scanning:18.3.1] AndroidManifest.xml:14:17-82
120            <meta-data
120-->[com.google.mlkit:vision-common:17.3.0] AndroidManifest.xml:12:13-14:85
121                android:name="com.google.firebase.components:com.google.mlkit.vision.common.internal.VisionCommonRegistrar"
121-->[com.google.mlkit:vision-common:17.3.0] AndroidManifest.xml:13:17-124
122                android:value="com.google.firebase.components.ComponentRegistrar" />
122-->[com.google.mlkit:vision-common:17.3.0] AndroidManifest.xml:14:17-82
123            <meta-data
123-->[com.google.mlkit:common:18.11.0] AndroidManifest.xml:20:13-22:85
124                android:name="com.google.firebase.components:com.google.mlkit.common.internal.CommonComponentRegistrar"
124-->[com.google.mlkit:common:18.11.0] AndroidManifest.xml:21:17-120
125                android:value="com.google.firebase.components.ComponentRegistrar" />
125-->[com.google.mlkit:common:18.11.0] AndroidManifest.xml:22:17-82
126        </service>
127
128        <provider
128-->[com.google.mlkit:common:18.11.0] AndroidManifest.xml:9:9-13:38
129            android:name="com.google.mlkit.common.internal.MlKitInitProvider"
129-->[com.google.mlkit:common:18.11.0] AndroidManifest.xml:10:13-78
130            android:authorities="com.authplatform.app.mlkitinitprovider"
130-->[com.google.mlkit:common:18.11.0] AndroidManifest.xml:11:13-69
131            android:exported="false"
131-->[com.google.mlkit:common:18.11.0] AndroidManifest.xml:12:13-37
132            android:initOrder="99" />
132-->[com.google.mlkit:common:18.11.0] AndroidManifest.xml:13:13-35
133        <provider
133-->[com.google.firebase:firebase-common:21.0.0] AndroidManifest.xml:23:9-28:39
134            android:name="com.google.firebase.provider.FirebaseInitProvider"
134-->[com.google.firebase:firebase-common:21.0.0] AndroidManifest.xml:24:13-77
135            android:authorities="com.authplatform.app.firebaseinitprovider"
135-->[com.google.firebase:firebase-common:21.0.0] AndroidManifest.xml:25:13-72
136            android:directBootAware="true"
136-->[com.google.firebase:firebase-common:21.0.0] AndroidManifest.xml:26:13-43
137            android:exported="false"
137-->[com.google.firebase:firebase-common:21.0.0] AndroidManifest.xml:27:13-37
138            android:initOrder="100" />
138-->[com.google.firebase:firebase-common:21.0.0] AndroidManifest.xml:28:13-36
139
140        <service
140-->[androidx.credentials:credentials-play-services-auth:1.2.0-rc01] AndroidManifest.xml:24:9-32:19
141            android:name="androidx.credentials.playservices.CredentialProviderMetadataHolder"
141-->[androidx.credentials:credentials-play-services-auth:1.2.0-rc01] AndroidManifest.xml:25:13-94
142            android:enabled="true"
142-->[androidx.credentials:credentials-play-services-auth:1.2.0-rc01] AndroidManifest.xml:26:13-35
143            android:exported="false" >
143-->[androidx.credentials:credentials-play-services-auth:1.2.0-rc01] AndroidManifest.xml:27:13-37
144            <meta-data
144-->[androidx.credentials:credentials-play-services-auth:1.2.0-rc01] AndroidManifest.xml:29:13-31:104
145                android:name="androidx.credentials.CREDENTIAL_PROVIDER_KEY"
145-->[androidx.credentials:credentials-play-services-auth:1.2.0-rc01] AndroidManifest.xml:30:17-76
146                android:value="androidx.credentials.playservices.CredentialProviderPlayServicesImpl" />
146-->[androidx.credentials:credentials-play-services-auth:1.2.0-rc01] AndroidManifest.xml:31:17-101
147        </service>
148
149        <activity
149-->[androidx.credentials:credentials-play-services-auth:1.2.0-rc01] AndroidManifest.xml:34:9-41:20
150            android:name="androidx.credentials.playservices.HiddenActivity"
150-->[androidx.credentials:credentials-play-services-auth:1.2.0-rc01] AndroidManifest.xml:35:13-76
151            android:configChanges="orientation|screenSize|screenLayout|keyboardHidden"
151-->[androidx.credentials:credentials-play-services-auth:1.2.0-rc01] AndroidManifest.xml:36:13-87
152            android:enabled="true"
152-->[androidx.credentials:credentials-play-services-auth:1.2.0-rc01] AndroidManifest.xml:37:13-35
153            android:exported="false"
153-->[androidx.credentials:credentials-play-services-auth:1.2.0-rc01] AndroidManifest.xml:38:13-37
154            android:fitsSystemWindows="true"
154-->[androidx.credentials:credentials-play-services-auth:1.2.0-rc01] AndroidManifest.xml:39:13-45
155            android:theme="@style/Theme.Hidden" >
155-->[androidx.credentials:credentials-play-services-auth:1.2.0-rc01] AndroidManifest.xml:40:13-48
156        </activity>
157        <activity
157-->[com.google.android.gms:play-services-auth:20.7.0] AndroidManifest.xml:23:9-27:75
158            android:name="com.google.android.gms.auth.api.signin.internal.SignInHubActivity"
158-->[com.google.android.gms:play-services-auth:20.7.0] AndroidManifest.xml:24:13-93
159            android:excludeFromRecents="true"
159-->[com.google.android.gms:play-services-auth:20.7.0] AndroidManifest.xml:25:13-46
160            android:exported="false"
160-->[com.google.android.gms:play-services-auth:20.7.0] AndroidManifest.xml:26:13-37
161            android:theme="@android:style/Theme.Translucent.NoTitleBar" />
161-->[com.google.android.gms:play-services-auth:20.7.0] AndroidManifest.xml:27:13-72
162        <!--
163            Service handling Google Sign-In user revocation. For apps that do not integrate with
164            Google Sign-In, this service will never be started.
165        -->
166        <service
166-->[com.google.android.gms:play-services-auth:20.7.0] AndroidManifest.xml:33:9-37:51
167            android:name="com.google.android.gms.auth.api.signin.RevocationBoundService"
167-->[com.google.android.gms:play-services-auth:20.7.0] AndroidManifest.xml:34:13-89
168            android:exported="true"
168-->[com.google.android.gms:play-services-auth:20.7.0] AndroidManifest.xml:35:13-36
169            android:permission="com.google.android.gms.auth.api.signin.permission.REVOCATION_NOTIFICATION"
169-->[com.google.android.gms:play-services-auth:20.7.0] AndroidManifest.xml:36:13-107
170            android:visibleToInstantApps="true" />
170-->[com.google.android.gms:play-services-auth:20.7.0] AndroidManifest.xml:37:13-48
171
172        <activity
172-->[com.google.android.gms:play-services-base:18.5.0] AndroidManifest.xml:5:9-173
173            android:name="com.google.android.gms.common.api.GoogleApiActivity"
173-->[com.google.android.gms:play-services-base:18.5.0] AndroidManifest.xml:5:19-85
174            android:exported="false"
174-->[com.google.android.gms:play-services-base:18.5.0] AndroidManifest.xml:5:146-170
175            android:theme="@android:style/Theme.Translucent.NoTitleBar" />
175-->[com.google.android.gms:play-services-base:18.5.0] AndroidManifest.xml:5:86-145
176        <activity
176-->[androidx.compose.ui:ui-tooling-android:1.7.6] AndroidManifest.xml:23:9-25:39
177            android:name="androidx.compose.ui.tooling.PreviewActivity"
177-->[androidx.compose.ui:ui-tooling-android:1.7.6] AndroidManifest.xml:24:13-71
178            android:exported="true" />
178-->[androidx.compose.ui:ui-tooling-android:1.7.6] AndroidManifest.xml:25:13-36
179
180        <provider
180-->[androidx.emoji2:emoji2:1.3.0] AndroidManifest.xml:24:9-32:20
181            android:name="androidx.startup.InitializationProvider"
181-->[androidx.emoji2:emoji2:1.3.0] AndroidManifest.xml:25:13-67
182            android:authorities="com.authplatform.app.androidx-startup"
182-->[androidx.emoji2:emoji2:1.3.0] AndroidManifest.xml:26:13-68
183            android:exported="false" >
183-->[androidx.emoji2:emoji2:1.3.0] AndroidManifest.xml:27:13-37
184            <meta-data
184-->[androidx.emoji2:emoji2:1.3.0] AndroidManifest.xml:29:13-31:52
185                android:name="androidx.emoji2.text.EmojiCompatInitializer"
185-->[androidx.emoji2:emoji2:1.3.0] AndroidManifest.xml:30:17-75
186                android:value="androidx.startup" />
186-->[androidx.emoji2:emoji2:1.3.0] AndroidManifest.xml:31:17-49
187            <meta-data
187-->[androidx.lifecycle:lifecycle-process:2.8.7] AndroidManifest.xml:29:13-31:52
188                android:name="androidx.lifecycle.ProcessLifecycleInitializer"
188-->[androidx.lifecycle:lifecycle-process:2.8.7] AndroidManifest.xml:30:17-78
189                android:value="androidx.startup" />
189-->[androidx.lifecycle:lifecycle-process:2.8.7] AndroidManifest.xml:31:17-49
190            <meta-data
190-->[androidx.profileinstaller:profileinstaller:1.3.1] AndroidManifest.xml:29:13-31:52
191                android:name="androidx.profileinstaller.ProfileInstallerInitializer"
191-->[androidx.profileinstaller:profileinstaller:1.3.1] AndroidManifest.xml:30:17-85
192                android:value="androidx.startup" />
192-->[androidx.profileinstaller:profileinstaller:1.3.1] AndroidManifest.xml:31:17-49
193        </provider>
194
195        <meta-data
195-->[com.google.android.gms:play-services-basement:18.4.0] AndroidManifest.xml:6:9-122
196            android:name="com.google.android.gms.version"
196-->[com.google.android.gms:play-services-basement:18.4.0] AndroidManifest.xml:6:20-65
197            android:value="@integer/google_play_services_version" />
197-->[com.google.android.gms:play-services-basement:18.4.0] AndroidManifest.xml:6:66-119
198
199        <receiver
199-->[androidx.profileinstaller:profileinstaller:1.3.1] AndroidManifest.xml:34:9-52:20
200            android:name="androidx.profileinstaller.ProfileInstallReceiver"
200-->[androidx.profileinstaller:profileinstaller:1.3.1] AndroidManifest.xml:35:13-76
201            android:directBootAware="false"
201-->[androidx.profileinstaller:profileinstaller:1.3.1] AndroidManifest.xml:36:13-44
202            android:enabled="true"
202-->[androidx.profileinstaller:profileinstaller:1.3.1] AndroidManifest.xml:37:13-35
203            android:exported="true"
203-->[androidx.profileinstaller:profileinstaller:1.3.1] AndroidManifest.xml:38:13-36
204            android:permission="android.permission.DUMP" >
204-->[androidx.profileinstaller:profileinstaller:1.3.1] AndroidManifest.xml:39:13-57
205            <intent-filter>
205-->[androidx.profileinstaller:profileinstaller:1.3.1] AndroidManifest.xml:40:13-42:29
206                <action android:name="androidx.profileinstaller.action.INSTALL_PROFILE" />
206-->[androidx.profileinstaller:profileinstaller:1.3.1] AndroidManifest.xml:41:17-91
206-->[androidx.profileinstaller:profileinstaller:1.3.1] AndroidManifest.xml:41:25-88
207            </intent-filter>
208            <intent-filter>
208-->[androidx.profileinstaller:profileinstaller:1.3.1] AndroidManifest.xml:43:13-45:29
209                <action android:name="androidx.profileinstaller.action.SKIP_FILE" />
209-->[androidx.profileinstaller:profileinstaller:1.3.1] AndroidManifest.xml:44:17-85
209-->[androidx.profileinstaller:profileinstaller:1.3.1] AndroidManifest.xml:44:25-82
210            </intent-filter>
211            <intent-filter>
211-->[androidx.profileinstaller:profileinstaller:1.3.1] AndroidManifest.xml:46:13-48:29
212                <action android:name="androidx.profileinstaller.action.SAVE_PROFILE" />
212-->[androidx.profileinstaller:profileinstaller:1.3.1] AndroidManifest.xml:47:17-88
212-->[androidx.profileinstaller:profileinstaller:1.3.1] AndroidManifest.xml:47:25-85
213            </intent-filter>
214            <intent-filter>
214-->[androidx.profileinstaller:profileinstaller:1.3.1] AndroidManifest.xml:49:13-51:29
215                <action android:name="androidx.profileinstaller.action.BENCHMARK_OPERATION" />
215-->[androidx.profileinstaller:profileinstaller:1.3.1] AndroidManifest.xml:50:17-95
215-->[androidx.profileinstaller:profileinstaller:1.3.1] AndroidManifest.xml:50:25-92
216            </intent-filter>
217        </receiver>
218
219        <service
219-->[com.google.android.datatransport:transport-backend-cct:2.3.3] AndroidManifest.xml:29:9-35:19
220            android:name="com.google.android.datatransport.runtime.backends.TransportBackendDiscovery"
220-->[com.google.android.datatransport:transport-backend-cct:2.3.3] AndroidManifest.xml:30:13-103
221            android:exported="false" >
221-->[com.google.android.datatransport:transport-backend-cct:2.3.3] AndroidManifest.xml:31:13-37
222            <meta-data
222-->[com.google.android.datatransport:transport-backend-cct:2.3.3] AndroidManifest.xml:32:13-34:39
223                android:name="backend:com.google.android.datatransport.cct.CctBackendFactory"
223-->[com.google.android.datatransport:transport-backend-cct:2.3.3] AndroidManifest.xml:33:17-94
224                android:value="cct" />
224-->[com.google.android.datatransport:transport-backend-cct:2.3.3] AndroidManifest.xml:34:17-36
225        </service>
226        <service
226-->[com.google.android.datatransport:transport-runtime:2.2.6] AndroidManifest.xml:26:9-30:19
227            android:name="com.google.android.datatransport.runtime.scheduling.jobscheduling.JobInfoSchedulerService"
227-->[com.google.android.datatransport:transport-runtime:2.2.6] AndroidManifest.xml:27:13-117
228            android:exported="false"
228-->[com.google.android.datatransport:transport-runtime:2.2.6] AndroidManifest.xml:28:13-37
229            android:permission="android.permission.BIND_JOB_SERVICE" >
229-->[com.google.android.datatransport:transport-runtime:2.2.6] AndroidManifest.xml:29:13-69
230        </service>
231
232        <receiver
232-->[com.google.android.datatransport:transport-runtime:2.2.6] AndroidManifest.xml:32:9-34:40
233            android:name="com.google.android.datatransport.runtime.scheduling.jobscheduling.AlarmManagerSchedulerBroadcastReceiver"
233-->[com.google.android.datatransport:transport-runtime:2.2.6] AndroidManifest.xml:33:13-132
234            android:exported="false" /> <!-- The activities will be merged into the manifest of the hosting app. -->
234-->[com.google.android.datatransport:transport-runtime:2.2.6] AndroidManifest.xml:34:13-37
235        <activity
235-->[com.google.android.play:core-common:2.0.3] AndroidManifest.xml:14:9-18:65
236            android:name="com.google.android.play.core.common.PlayCoreDialogWrapperActivity"
236-->[com.google.android.play:core-common:2.0.3] AndroidManifest.xml:15:13-93
237            android:exported="false"
237-->[com.google.android.play:core-common:2.0.3] AndroidManifest.xml:16:13-37
238            android:stateNotNeeded="true"
238-->[com.google.android.play:core-common:2.0.3] AndroidManifest.xml:17:13-42
239            android:theme="@style/Theme.PlayCore.Transparent" />
239-->[com.google.android.play:core-common:2.0.3] AndroidManifest.xml:18:13-62
240    </application>
241
242</manifest>